<?xml version="1.0" encoding="UTF-8"?>
<!-- Generated by org.testng.reporters.JUnitXMLReporter -->
<testsuite ignored="0" hostname="Kanchan" failures="0" tests="3" name="Test" time="35.885" errors="0" timestamp="2024-08-15T00:59:01 IST">
  <testcase classname="General.GenPra" name="demoGen" time="9.943"/>
  <testcase classname="com.TestCases.TC_NewAccount_002" name="NewAccount" time="7.102"/>
  <testcase classname="com.TestCases.TC_LoginTest_001" name="loginTest" time="3.136"/>
</testsuite> <!-- Test -->
