<?xml version="1.0" encoding="UTF-8"?>
<!-- Generated by org.testng.reporters.JUnitXMLReporter -->
<testsuite ignored="0" hostname="Kanchan" failures="0" tests="3" name="Test" time="39.203" errors="0" timestamp="2024-08-15T01:04:12 IST">
  <testcase classname="General.GenPra" name="demoGen" time="9.234"/>
  <testcase classname="com.TestCases.TC_NewAccount_002" name="NewAccount" time="5.451"/>
  <testcase classname="com.TestCases.TC_LoginTest_001" name="loginTest" time="2.497"/>
</testsuite> <!-- Test -->
