<?xml version="1.0" encoding="UTF-8"?>
<testsuite xmlns:xsi="http://www.w3.org/2001/XMLSchema-instance" xsi:noNamespaceSchemaLocation="https://maven.apache.org/surefire/maven-surefire-plugin/xsd/surefire-test-report-3.0.xsd" version="3.0" name="TestSuite" time="39.657" tests="3" errors="0" skipped="0" failures="0">
  <properties>
[...]
</properties>
  <testcase name="demoGen" classname="General.GenPra" time="9.232">
    <system-err><![CDATA[SLF4J: Failed to load class "org.slf4j.impl.StaticLoggerBinder".
SLF4J: Defaulting to no-operation (NOP) logger implementation
SLF4J: See http://www.slf4j.org/codes.html#StaticLoggerBinder for further details.
log4j:WARN No appenders could be found for logger (org.apache.http.client.protocol.RequestAddCookies).
log4j:WARN Please initialize the log4j system properly.
log4j:WARN See http://logging.apache.org/log4j/1.2/faq.html#noconfig for more info.
ERROR StatusLogger Log4j2 could not find a logging implementation. Please add log4j-core to the classpath. Using SimpleLogger to log to the console...
1723664014709	geckodriver	INFO	Listening on 127.0.0.1:15049
1723664014954	mozrunner::runner	INFO	Running command: "C:\\Program Files\\Mozilla Firefox\\firefox.exe" "--marionette" "--remote-debugging-port" "32593" "--remote-allow-hosts" "localhost" "--remote-allow-origins" "http://127.0.0.1:32593/,http://localhost:32593/,http://[::1]:32593/" "-no-remote" "-profile" "C:\\Users\\HP\\AppData\\Local\\Temp\\rust_mozprofilezViygz"
console.warn: services.settings: Ignoring preference override of remote settings server
console.warn: services.settings: Allow by setting MOZ_REMOTE_SETTINGS_DEVTOOLS=1 in the environment
Dynamically enable window occlusion 0
1723664015258	Marionette	INFO	Marionette enabled
1723664015376	Marionette	INFO	Listening on port 51698
WebDriver BiDi listening on ws://127.0.0.1:32593
Read port: 51698
1723664015510	RemoteAgent	WARN	TLS certificate errors will be ignored for this session
JavaScript warning: https://www.amazon.in/, line 2018: WEBGL_debug_renderer_info is deprecated in Firefox and will be removed. Please use RENDERER.
1723664021128	Marionette	INFO	Stopped listening on port 51698
Dynamically enable window occlusion 1
]]></system-err>
  </testcase>
  <testcase name="NewAccount" classname="com.TestCases.TC_NewAccount_002" time="5.452">
    <system-out><![CDATA[It is passed 
]]></system-out>
    <system-err><![CDATA[1723664022121	geckodriver	INFO	Listening on 127.0.0.1:31198
1723664022181	mozrunner::runner	INFO	Running command: "C:\\Program Files\\Mozilla Firefox\\firefox.exe" "--marionette" "--remote-debugging-port" "8813" "--remote-allow-hosts" "localhost" "--remote-allow-origins" "http://127.0.0.1:8813/,http://localhost:8813/,http://[::1]:8813/" "-no-remote" "-profile" "C:\\Users\\HP\\AppData\\Local\\Temp\\rust_mozprofileCW9Rt3"
console.warn: services.settings: Ignoring preference override of remote settings server
console.warn: services.settings: Allow by setting MOZ_REMOTE_SETTINGS_DEVTOOLS=1 in the environment
Dynamically enable window occlusion 0
1723664022478	Marionette	INFO	Marionette enabled
1723664022594	Marionette	INFO	Listening on port 51823
WebDriver BiDi listening on ws://127.0.0.1:8813
Read port: 51823
1723664022716	RemoteAgent	WARN	TLS certificate errors will be ignored for this session
JavaScript error: , line 0: TypeError: NetworkError when attempting to fetch resource.
JavaScript error: resource://gre/actors/FormHandlerChild.sys.mjs, line 103: InvalidStateError: JSWindowActorChild.document getter: Cannot access property 'document' after actor 'FormHandler' has been destroyed
console.warn: LoginRecipes: "Falling back to a synchronous message for: https://demo.guru99.com."
console.warn: LoginRecipes: "Falling back to a synchronous message for: https://demo.guru99.com."
1723664035088	Marionette	WARN	Ignoring event 'DOMContentLoaded' because document has an invalid readyState of 'complete'.
]]></system-err>
  </testcase>
  <testcase name="loginTest" classname="com.TestCases.TC_LoginTest_001" time="2.499">
    <system-out><![CDATA[it is passed
]]></system-out>
    <system-err><![CDATA[1723664037651	Marionette	INFO	Stopped listening on port 51823
Dynamically enable window occlusion 1
1723664038513	geckodriver	INFO	Listening on 127.0.0.1:2248
1723664038547	mozrunner::runner	INFO	Running command: "C:\\Program Files\\Mozilla Firefox\\firefox.exe" "--marionette" "--remote-debugging-port" "4102" "--remote-allow-hosts" "localhost" "--remote-allow-origins" "http://127.0.0.1:4102/,http://localhost:4102/,http://[::1]:4102/" "-no-remote" "-profile" "C:\\Users\\HP\\AppData\\Local\\Temp\\rust_mozprofilePm3ghu"
console.warn: services.settings: Ignoring preference override of remote settings server
console.warn: services.settings: Allow by setting MOZ_REMOTE_SETTINGS_DEVTOOLS=1 in the environment
Dynamically enable window occlusion 0
1723664038822	Marionette	INFO	Marionette enabled
1723664038954	Marionette	INFO	Listening on port 51964
Read port: 51964
WebDriver BiDi listening on ws://127.0.0.1:4102
1723664039073	RemoteAgent	WARN	TLS certificate errors will be ignored for this session
console.warn: LoginRecipes: "Falling back to a synchronous message for: https://demo.guru99.com."
console.warn: LoginRecipes: "Falling back to a synchronous message for: https://demo.guru99.com."
1723664049650	Marionette	WARN	Ignoring event 'DOMContentLoaded' because document has an invalid readyState of 'complete'.
]]></system-err>
  </testcase>
</testsuite>