<?xml version="1.0" encoding="UTF-8"?>
<testng-results ignored="0" total="3" passed="3" failed="0" skipped="0">
  <reporter-output>
  </reporter-output>
  <suite started-at="2024-08-15T01:03:32 IST" name="Suite" finished-at="2024-08-15T01:04:12 IST" duration-ms="39203">
    <groups>
    </groups>
    <test started-at="2024-08-15T01:03:32 IST" name="Test" finished-at="2024-08-15T01:04:12 IST" duration-ms="39203">
      <class name="General.GenPra">
        <test-method signature="demoGen()[pri:0, instance:General.GenPra@52b1beb6]" started-at="2024-08-15T01:03:32 IST" name="demoGen" finished-at="2024-08-15T01:03:42 IST" duration-ms="9234" status="PASS">
          <reporter-output>
          </reporter-output>
        </test-method> <!-- demoGen -->
      </class> <!-- General.GenPra -->
      <class name="com.TestCases.TC_NewAccount_002">
        <test-method is-config="true" signature="setup(java.lang.String)[pri:0, instance:com.TestCases.TC_NewAccount_002@750e2b97]" started-at="2024-08-15T01:03:42 IST" name="setup" finished-at="2024-08-15T01:03:52 IST" duration-ms="10108" status="PASS">
          <params>
            <param index="0">
              <value>
                <![CDATA[firefox]]>
              </value>
            </param>
          </params>
          <reporter-output>
          </reporter-output>
        </test-method> <!-- setup -->
        <test-method signature="NewAccount()[pri:0, instance:com.TestCases.TC_NewAccount_002@750e2b97]" started-at="2024-08-15T01:03:52 IST" name="NewAccount" finished-at="2024-08-15T01:03:57 IST" duration-ms="5451" status="PASS">
          <reporter-output>
          </reporter-output>
        </test-method> <!-- NewAccount -->
        <test-method is-config="true" signature="teardown()[pri:0, instance:com.TestCases.TC_NewAccount_002@750e2b97]" started-at="2024-08-15T01:03:57 IST" name="teardown" finished-at="2024-08-15T01:03:58 IST" duration-ms="820" status="PASS">
          <reporter-output>
          </reporter-output>
        </test-method> <!-- teardown -->
      </class> <!-- com.TestCases.TC_NewAccount_002 -->
      <class name="com.TestCases.TC_LoginTest_001">
        <test-method is-config="true" signature="setup(java.lang.String)[pri:0, instance:com.TestCases.TC_LoginTest_001@3e27aa33]" started-at="2024-08-15T01:03:58 IST" name="setup" finished-at="2024-08-15T01:04:08 IST" duration-ms="10250" status="PASS">
          <params>
            <param index="0">
              <value>
                <![CDATA[firefox]]>
              </value>
            </param>
          </params>
          <reporter-output>
          </reporter-output>
        </test-method> <!-- setup -->
        <test-method signature="loginTest()[pri:0, instance:com.TestCases.TC_LoginTest_001@3e27aa33]" started-at="2024-08-15T01:04:08 IST" name="loginTest" finished-at="2024-08-15T01:04:11 IST" duration-ms="2497" status="PASS">
          <reporter-output>
          </reporter-output>
        </test-method> <!-- loginTest -->
        <test-method is-config="true" signature="teardown()[pri:0, instance:com.TestCases.TC_LoginTest_001@3e27aa33]" started-at="2024-08-15T01:04:11 IST" name="teardown" finished-at="2024-08-15T01:04:12 IST" duration-ms="804" status="PASS">
          <reporter-output>
          </reporter-output>
        </test-method> <!-- teardown -->
      </class> <!-- com.TestCases.TC_LoginTest_001 -->
    </test> <!-- Test -->
  </suite> <!-- Suite -->
</testng-results>
