<?xml version="1.0" encoding="UTF-8"?>
<testng-results ignored="0" total="3" passed="3" failed="0" skipped="0">
  <reporter-output>
  </reporter-output>
  <suite started-at="2024-08-15T00:58:25 IST" name="Suite" finished-at="2024-08-15T00:59:01 IST" duration-ms="35885">
    <groups>
    </groups>
    <test started-at="2024-08-15T00:58:25 IST" name="Test" finished-at="2024-08-15T00:59:01 IST" duration-ms="35885">
      <class name="General.GenPra">
        <test-method signature="demoGen()[pri:0, instance:General.GenPra@5b1669c0]" started-at="2024-08-15T00:58:25 IST" name="demoGen" finished-at="2024-08-15T00:58:35 IST" duration-ms="9943" status="PASS">
          <reporter-output>
          </reporter-output>
        </test-method> <!-- demoGen -->
      </class> <!-- General.GenPra -->
      <class name="com.TestCases.TC_NewAccount_002">
        <test-method is-config="true" signature="setup(java.lang.String)[pri:0, instance:com.TestCases.TC_NewAccount_002@3f191845]" started-at="2024-08-15T00:58:35 IST" name="setup" finished-at="2024-08-15T00:58:41 IST" duration-ms="6677" status="PASS">
          <params>
            <param index="0">
              <value>
                <![CDATA[firefox]]>
              </value>
            </param>
          </params>
          <reporter-output>
          </reporter-output>
        </test-method> <!-- setup -->
        <test-method signature="NewAccount()[pri:0, instance:com.TestCases.TC_NewAccount_002@3f191845]" started-at="2024-08-15T00:58:41 IST" name="NewAccount" finished-at="2024-08-15T00:58:49 IST" duration-ms="7102" status="PASS">
          <reporter-output>
          </reporter-output>
        </test-method> <!-- NewAccount -->
        <test-method is-config="true" signature="teardown()[pri:0, instance:com.TestCases.TC_NewAccount_002@3f191845]" started-at="2024-08-15T00:58:49 IST" name="teardown" finished-at="2024-08-15T00:58:49 IST" duration-ms="955" status="PASS">
          <reporter-output>
          </reporter-output>
        </test-method> <!-- teardown -->
      </class> <!-- com.TestCases.TC_NewAccount_002 -->
      <class name="com.TestCases.TC_LoginTest_001">
        <test-method is-config="true" signature="setup(java.lang.String)[pri:0, instance:com.TestCases.TC_LoginTest_001@5f049ea1]" started-at="2024-08-15T00:58:49 IST" name="setup" finished-at="2024-08-15T00:58:57 IST" duration-ms="7225" status="PASS">
          <params>
            <param index="0">
              <value>
                <![CDATA[firefox]]>
              </value>
            </param>
          </params>
          <reporter-output>
          </reporter-output>
        </test-method> <!-- setup -->
        <test-method signature="loginTest()[pri:0, instance:com.TestCases.TC_LoginTest_001@5f049ea1]" started-at="2024-08-15T00:58:57 IST" name="loginTest" finished-at="2024-08-15T00:59:00 IST" duration-ms="3136" status="PASS">
          <reporter-output>
          </reporter-output>
        </test-method> <!-- loginTest -->
        <test-method is-config="true" signature="teardown()[pri:0, instance:com.TestCases.TC_LoginTest_001@5f049ea1]" started-at="2024-08-15T00:59:00 IST" name="teardown" finished-at="2024-08-15T00:59:01 IST" duration-ms="780" status="PASS">
          <reporter-output>
          </reporter-output>
        </test-method> <!-- teardown -->
      </class> <!-- com.TestCases.TC_LoginTest_001 -->
    </test> <!-- Test -->
  </suite> <!-- Suite -->
</testng-results>
